  DragonControlEngine.cpp
  ManualControlEngine.cpp
  TextGraphicsEngine.cpp
  GameNotifier.cpp
  TextNotifier.cpp
  AttackCommand.cpp
  ExitCommand.cpp
  OpenCommand.cpp
  UnlockCommand.cpp
  WinCommand.cpp
  ControllableEntity.cpp
  EntityChildNode.cpp
  EntityChildren.cpp
  RenderableEntity.cpp
  Game.cpp
  main.cpp
  LooseGameState.cpp
  PlayGameState.cpp
  QuitGameState.cpp
  ReadyGameState.cpp
C:\Users\geisbj\Documents\GitHub\FirstAdventureWin\FirstAdventure\src\entity\EntityChildren.cpp(23,43): warning C4267:  'initializing': conversion from 'size_t' to 'int', possible loss of data
  Generating Code...
  Compiling...
  WinGameState.cpp
  Generating Code...
C:\Users\geisbj\Documents\GitHub\FirstAdventureWin\FirstAdventure\src\state\ReadyGameState.cpp(27,13): warning C4129:  '(': unrecognized character escape sequence
  FirstAdventureWin.vcxproj -> C:\Users\geisbj\Documents\GitHub\FirstAdventureWin\FirstAdventureWin\x64\Debug\FirstAdventureWin.exe
